<?xml version="1.0" encoding="UTF-8"?>
<testsuite name="com.example.graphics.ExampleUnitTest" tests="1" skipped="0" failures="0" errors="0" timestamp="2024-06-20T18:22:37" hostname="localhost" time="0.009">
  <properties/>
  <testcase name="addition_isCorrect" classname="com.example.graphics.ExampleUnitTest" time="0.009"/>
  <system-out><![CDATA[]]></system-out>
  <system-err><![CDATA[]]></system-err>
</testsuite>
